C51 COMPILER V9.00   LDCHIP                                                                08/20/2017 06:57:24 PAGE 1   


C51 COMPILER V9.00, COMPILATION OF MODULE LDCHIP
OBJECT MODULE PLACED IN ..\obj\LDChip.obj
COMPILER INVOKED BY: C:\Keil\C51\BIN\C51.EXE ..\code\LDChip.c BROWSE INCDIR(..\code;..\user) DEBUG OBJECTEXTEND PRINT(.\
                    -LDChip.lst) OBJECT(..\obj\LDChip.obj)

line level    source

   1          /***************************飞音云电子****************************
   2          **  工程名称：YS-V0.7语音识别模块驱动程序
   3          **      CPU: STC11L08XE
   4          **      晶振：22.1184MHZ
   5          **      波特率：9600 bit/S
   6          **      配套产品信息：YS-V0.7语音识别开发板
   7          **                http://yuesheng001.taobao.com
   8          **  作者：zdings
   9          **  联系：751956552@qq.com
  10          **  修改日期：2013.9.13
  11          **  说明：口令模式： 即每次识别时都需要说“小杰”这个口令 ，才能够进行下一级的识别
  12          /***************************飞音云电子******************************/
  13          #include "config.h"
  14          
  15          extern void  delay(unsigned long uldata);
  16          
  17          uint8 idata ucRegVal;
  18          extern uint8 idata nAsrStatus;
  19          
  20          void ProcessInt0(void);
  21          
  22          /************************************************************************
  23          功能描述：       复位LD模块
  24          入口参数：       none
  25          返 回 值：       none
  26          其他说明：       none
  27          **************************************************************************/
  28          void LD_Reset()
  29          {
  30   1              RSTB=1;
  31   1              delay(1);
  32   1              RSTB=0;
  33   1              delay(1);
  34   1              RSTB=1;
  35   1      
  36   1              delay(1);
  37   1              CSB=0;
  38   1              delay(1);
  39   1              CSB=1;
  40   1              delay(1);
  41   1      }
  42          /************************************************************************
  43          功能描述： LD模块命令初始化
  44          入口参数： none
  45          返 回 值： none
  46          其他说明： 该函数为出厂配置，一般不需要修改；
  47                                                   有兴趣的客户可对照开发手册根据需要自行修改。
  48          **************************************************************************/
  49          void LD_Init_Common()
  50          {
  51   1              LD_ReadReg(0x06);  
  52   1              LD_WriteReg(0x17, 0x35); 
  53   1              delay(10);
  54   1              LD_ReadReg(0x06);  
C51 COMPILER V9.00   LDCHIP                                                                08/20/2017 06:57:24 PAGE 2   

  55   1      
  56   1              LD_WriteReg(0x89, 0x03);  
  57   1              delay(5);
  58   1              LD_WriteReg(0xCF, 0x43);   
  59   1              delay(5);
  60   1              LD_WriteReg(0xCB, 0x02);
  61   1              
  62   1              /*PLL setting*/
  63   1              LD_WriteReg(0x11, LD_PLL_11);       
  64   1      
  65   1              LD_WriteReg(0x1E,0x00);
  66   1              LD_WriteReg(0x19, LD_PLL_ASR_19); 
  67   1              LD_WriteReg(0x1B, LD_PLL_ASR_1B);               
  68   1              LD_WriteReg(0x1D, LD_PLL_ASR_1D);
  69   1              delay(10);
  70   1              
  71   1          LD_WriteReg(0xCD, 0x04);
  72   1      //      LD_WriteReg(0x17, 0x4c); 
  73   1              delay(5);
  74   1              LD_WriteReg(0xB9, 0x00);
  75   1              LD_WriteReg(0xCF, 0x4F); 
  76   1              LD_WriteReg(0x6F, 0xFF); 
  77   1      }
  78          
  79          /************************************************************************
  80          功能描述：       LD模块 ASR功能初始化
  81          入口参数：       none
  82          返 回 值：       none
  83          其他说明：       该函数为出厂配置，一般不需要修改；
  84                                                   有兴趣的客户可对照开发手册根据需要自行修改。
  85          **************************************************************************/
  86          void LD_Init_ASR()
  87          {
  88   1              LD_Init_Common();
  89   1              LD_WriteReg(0xBD, 0x00);
  90   1              LD_WriteReg(0x17, 0x48);
  91   1              delay( 10 );
  92   1              LD_WriteReg(0x3C, 0x80);    
  93   1              LD_WriteReg(0x3E, 0x07);
  94   1              LD_WriteReg(0x38, 0xff);    
  95   1              LD_WriteReg(0x3A, 0x07);
  96   1          LD_WriteReg(0x40, 0);          
  97   1              LD_WriteReg(0x42, 8);
  98   1              LD_WriteReg(0x44, 0);    
  99   1              LD_WriteReg(0x46, 8); 
 100   1              delay( 1 );
 101   1      }
 102          
 103          /************************************************************************
 104          功能描述：      中断处理函数
 105          入口参数：       none
 106          返 回 值：       none
 107          其他说明：      当LD模块接收到音频信号时，将进入该函数，
 108                                                          判断识别是否有结果，如果没有从新配置寄
 109                      存器准备下一次的识别。
 110          **************************************************************************/
 111          void ProcessInt0(void)
 112          {
 113   1              uint8 nAsrResCount=0;
 114   1      
 115   1              EX0=0;
 116   1              ucRegVal = LD_ReadReg(0x2B);
C51 COMPILER V9.00   LDCHIP                                                                08/20/2017 06:57:24 PAGE 3   

 117   1              LD_WriteReg(0x29,0) ;
 118   1              LD_WriteReg(0x02,0) ;
 119   1              if((ucRegVal & 0x10) && LD_ReadReg(0xb2)==0x21 && LD_ReadReg(0xbf)==0x35)                       /*识别成功*/
 120   1              {       
 121   2                      nAsrResCount = LD_ReadReg(0xba);
 122   2                      if(nAsrResCount>0 && nAsrResCount<=4) 
 123   2                      {
 124   3                              nAsrStatus=LD_ASR_FOUNDOK;
 125   3                      }
 126   2                      else
 127   2                  {
 128   3                              nAsrStatus=LD_ASR_FOUNDZERO;
 129   3                      }       
 130   2              }                                                                                                                        /*没有识别结果*/
 131   1              else
 132   1              {        
 133   2                      nAsrStatus=LD_ASR_FOUNDZERO;
 134   2              }
 135   1                      
 136   1          LD_WriteReg(0x2b, 0);
 137   1          LD_WriteReg(0x1C,0);/*写0:ADC不可用*/
 138   1      
 139   1              LD_WriteReg(0x29,0) ;
 140   1              LD_WriteReg(0x02,0) ;
 141   1              LD_WriteReg(0x2B,  0);
 142   1              LD_WriteReg(0xBA, 0);   
 143   1              LD_WriteReg(0xBC,0);    
 144   1              LD_WriteReg(0x08,1);     /*清除FIFO_DATA*/
 145   1              LD_WriteReg(0x08,0);    /*清除FIFO_DATA后 再次写0*/
 146   1      
 147   1      
 148   1              EX0=1;
 149   1      }
 150          
 151          /************************************************************************
 152          功能描述：      运行ASR识别流程
 153          入口参数：      none
 154          返 回 值：  asrflag：1->启动成功， 0―>启动失败
 155          其他说明：      识别顺序如下:
 156                                                          1、RunASR()函数实现了一次完整的ASR语音识别流程
 157                                                          2、LD_AsrStart() 函数实现了ASR初始化
 158                                                          3、LD_AsrAddFixed() 函数实现了添加关键词语到LD3320芯片中
 159                                                          4、LD_AsrRun()  函数启动了一次ASR语音识别流程                                   
 160                                                          任何一次ASR识别流程，都需要按照这个顺序，从初始化开始
 161          **************************************************************************/
 162          uint8 RunASR(void)
 163          {
 164   1              uint8 i=0;
 165   1              uint8 asrflag=0;
 166   1              for (i=0; i<5; i++)                     //      防止由于硬件原因导致LD3320芯片工作不正常，所以一共尝试5次启动ASR识别流程
 167   1              {
 168   2                      LD_AsrStart();
 169   2                      delay(50);
 170   2                      if (LD_AsrAddFixed()==0)
 171   2                      {
 172   3                              LD_Reset();                     //      LD3320芯片内部出现不正常，立即重启LD3320芯片
 173   3                              delay(50);                      //      并从初始化开始重新ASR识别流程
 174   3                              continue;
 175   3                      }
 176   2                      delay(10);
 177   2                      if (LD_AsrRun() == 0)
 178   2                      {
C51 COMPILER V9.00   LDCHIP                                                                08/20/2017 06:57:24 PAGE 4   

 179   3                              LD_Reset();                     //      LD3320芯片内部出现不正常，立即重启LD3320芯片
 180   3                              delay(50);                      //      并从初始化开始重新ASR识别流程
 181   3                              continue;
 182   3                      }
 183   2                      asrflag=1;
 184   2                      break;                                  //      ASR流程启动成功，退出当前for循环。开始等待LD3320送出的中断信号
 185   2              }
 186   1      
 187   1              return asrflag;
 188   1      }
 189          /************************************************************************
 190          功能描述：  检测LD模块是否空闲
 191          入口参数：      none
 192          返 回 值：      flag：1-> 空闲
 193          其他说明：      none
 194          **************************************************************************/
 195          uint8 LD_Check_ASRBusyFlag_b2()
 196          {
 197   1              uint8 j;
 198   1              uint8 flag = 0;
 199   1              for (j=0; j<10; j++)
 200   1              {
 201   2                      if (LD_ReadReg(0xb2) == 0x21)
 202   2                      {
 203   3                              flag = 1;
 204   3                              break;
 205   3                      }
 206   2                      delay(10);              
 207   2              }
 208   1              return flag;
 209   1      }
 210          /************************************************************************
 211          功能描述：      启动ASR
 212          入口参数：      none
 213          返 回 值：      none
 214          其他说明：      none
 215          **************************************************************************/
 216          void LD_AsrStart()
 217          {
 218   1              LD_Init_ASR();
 219   1      }
 220          /************************************************************************
 221          功能描述：      运行ASR
 222          入口参数：      none
 223          返 回 值：      1：启动成功
 224          其他说明：      none
 225          **************************************************************************/
 226          uint8 LD_AsrRun()
 227          {
 228   1              EX0=0;
 229   1              LD_WriteReg(0x35, MIC_VOL);
 230   1              LD_WriteReg(0x1C, 0x09);
 231   1              LD_WriteReg(0xBD, 0x20);
 232   1              LD_WriteReg(0x08, 0x01);
 233   1              delay( 1 );
 234   1              LD_WriteReg(0x08, 0x00);
 235   1              delay( 1 );
 236   1      
 237   1              if(LD_Check_ASRBusyFlag_b2() == 0)
 238   1              {
 239   2                      return 0;
 240   2              }
C51 COMPILER V9.00   LDCHIP                                                                08/20/2017 06:57:24 PAGE 5   

 241   1      //      LD_WriteReg(0xB6, 0xa); //识别时间       1S
 242   1      //      LD_WriteReg(0xB5, 0x1E); //背景音段时间 300ms
 243   1      //      LD_WriteReg(0xB8, 10); //结束时间
 244   1      
 245   1      //      LD_WriteReg(0x1C, 0x07); //配置双通道音频信号做为输入信号
 246   1              LD_WriteReg(0x1C, 0x0b); //配置麦克风做为输入信号
 247   1      
 248   1      
 249   1              LD_WriteReg(0xB2, 0xff);
 250   1              delay( 1);      
 251   1              LD_WriteReg(0x37, 0x06);
 252   1              delay( 1 );
 253   1          LD_WriteReg(0x37, 0x06);
 254   1              delay( 5 );
 255   1              LD_WriteReg(0x29, 0x10);
 256   1              
 257   1              LD_WriteReg(0xBD, 0x00);
 258   1              EX0=1;
 259   1              return 1;
 260   1      }
 261          /************************************************************************
 262          功能描述： 向LD模块添加关键词
 263          入口参数： none
 264          返 回 值： flag：1->添加成功
 265          其他说明： 用户修改.
 266                          1、根据如下格式添加拼音关键词，同时注意修改sRecog 和pCode 数组的长度
 267                             和对应变了k的循环置。拼音串和识别码是一一对应的。
 268                          2、开发者可以学习"语音识别芯片LD3320高阶秘籍.pdf"中
 269                     关于垃圾词语吸收错误的用法，来提供识别效果。
 270          
 271                                  "shu biao",鼠标,CODE_1
 272                                  "su biao",CODE_2 
 273                              "zuo jian",左键,CODE_3
 274                                  "you jian",右键,CODE_4
 275                                  "shang ji",CODE_5
 276                                  "xia yi",CODE_6
 277                                  "ting zhi",CODE_7       
 278                                  "shuang ji",双击,CODE_8
 279          
 280          **************************************************************************/
 281          uint8 LD_AsrAddFixed()          // 添加
 282          {
 283   1              uint8 k, flag;
 284   1              uint8 nAsrAddLength;
 285   1              #define DATE_A 8                /*数组二维数值，即能支持的命令个数*/
 286   1              #define DATE_B 20               /*数组一维数值，每个命令的长度*/
 287   1              uint8 code sRecog[DATE_A][DATE_B] = {
 288   1                              "shu biao",\
 289   1                              "su biao",\  
 290   1                          "zuo jian",\
 291   1                              "you jian",\
 292   1                              "shang yi",\
 293   1                              "yun xing",\
 294   1                              "kai shi",\     
 295   1                              "shuang ji"
 296   1                              };                                              
 297   1              uint8 code pCode[DATE_A] = {
 298   1                                      CODE_1,\
 299   1                                      CODE_2,\
 300   1                                      CODE_3,\
 301   1                                      CODE_4,\
 302   1                                      CODE_5,\
C51 COMPILER V9.00   LDCHIP                                                                08/20/2017 06:57:24 PAGE 6   

 303   1                                      CODE_6,\
 304   1                                      CODE_7,\
 305   1                                      CODE_8
 306   1                               };     /*添加识别码，用户修改*/        
 307   1              flag = 1;
 308   1              for (k=0; k<DATE_A; k++)
 309   1              {
 310   2                              
 311   2                      if(LD_Check_ASRBusyFlag_b2() == 0)
 312   2                      {
 313   3                              flag = 0;
 314   3                              break;
 315   3                      }
 316   2                      
 317   2                      LD_WriteReg(0xc1, pCode[k] );
 318   2                      LD_WriteReg(0xc3, 0 );
 319   2                      LD_WriteReg(0x08, 0x04);
 320   2                      delay(1);
 321   2                      LD_WriteReg(0x08, 0x00);
 322   2                      delay(1);
 323   2      
 324   2                      for (nAsrAddLength=0; nAsrAddLength<DATE_B; nAsrAddLength++)
 325   2                      {
 326   3                              if (sRecog[k][nAsrAddLength] == 0)
 327   3                                      break;
 328   3                              LD_WriteReg(0x5, sRecog[k][nAsrAddLength]);
 329   3                      }
 330   2                      LD_WriteReg(0xb9, nAsrAddLength);
 331   2                      LD_WriteReg(0xb2, 0xff);
 332   2                      LD_WriteReg(0x37, 0x04);
 333   2              }
 334   1          return flag;
 335   1      }
 336          /************************************************************************
 337          功能描述：      获取识别结果
 338          入口参数：      none
 339          返 回 值：      LD_ReadReg(0xc5 )；  读取内部寄存器返回识别码。
 340          其他说明：      none
 341          **************************************************************************/
 342          uint8 LD_GetResult()
 343          {               
 344   1              return LD_ReadReg(0xc5 );
 345   1      }
 346          
 347          
 348          


MODULE INFORMATION:   STATIC OVERLAYABLE
   CODE SIZE        =    897    ----
   CONSTANT SIZE    =    168    ----
   XDATA SIZE       =   ----    ----
   PDATA SIZE       =   ----    ----
   DATA SIZE        =   ----       8
   IDATA SIZE       =      1    ----
   BIT SIZE         =   ----    ----
END OF MODULE INFORMATION.


C51 COMPILATION COMPLETE.  0 WARNING(S),  0 ERROR(S)
